[0.007s] Invoking command in '/home/ubuntu/ros2_ws/build/learning_tf2_cpp': CMAKE_PREFIX_PATH=/opt/ros/humble PS1=PES1UG23CS561:\w$ /usr/bin/cmake --build /home/ubuntu/ros2_ws/build/learning_tf2_cpp -- -j4 -l4
[0.032s] -- Found ament_cmake: 1.3.13 (/opt/ros/humble/share/ament_cmake/cmake)
[0.145s] -- Found geometry_msgs: 4.9.1 (/opt/ros/humble/share/geometry_msgs/cmake)
[0.176s] -- Found rosidl_generator_c: 3.1.8 (/opt/ros/humble/share/rosidl_generator_c/cmake)
[0.178s] -- Found rosidl_adapter: 3.1.8 (/opt/ros/humble/share/rosidl_adapter/cmake)
[0.182s] -- Found rosidl_generator_cpp: 3.1.8 (/opt/ros/humble/share/rosidl_generator_cpp/cmake)
[0.190s] -- Using all available rosidl_typesupport_c: rosidl_typesupport_fastrtps_c;rosidl_typesupport_introspection_c
[0.198s] -- Using all available rosidl_typesupport_cpp: rosidl_typesupport_fastrtps_cpp;rosidl_typesupport_introspection_cpp
[0.226s] -- Found rclcpp: 16.0.18 (/opt/ros/humble/share/rclcpp/cmake)
[0.252s] -- Found rmw_implementation_cmake: 6.1.2 (/opt/ros/humble/share/rmw_implementation_cmake/cmake)
[0.253s] -- Found rmw_fastrtps_cpp: 6.2.10 (/opt/ros/humble/share/rmw_fastrtps_cpp/cmake)
[0.351s] -- Using RMW implementation 'rmw_fastrtps_cpp' as default
[0.383s] -- Found tf2: 0.25.19 (/opt/ros/humble/share/tf2/cmake)
[0.386s] -- Found tf2_ros: 0.25.19 (/opt/ros/humble/share/tf2_ros/cmake)
[0.458s] -- Found turtlesim: 1.4.3 (/opt/ros/humble/share/turtlesim/cmake)
[0.470s] -- Found ament_lint_auto: 0.12.15 (/opt/ros/humble/share/ament_lint_auto/cmake)
[0.523s] -- Added test 'cppcheck' to perform static code analysis on C / C++ code
[0.523s] -- Configured cppcheck include dirs: 
[0.523s] -- Configured cppcheck exclude dirs and/or files: 
[0.523s] -- Added test 'lint_cmake' to check CMake code style
[0.524s] -- Added test 'uncrustify' to check C / C++ code style
[0.524s] -- Configured uncrustify additional arguments: 
[0.524s] -- Added test 'xmllint' to check XML markup files
[0.525s] -- Configuring done
[0.547s] -- Generating done
[0.553s] -- Build files have been written to: /home/ubuntu/ros2_ws/build/learning_tf2_cpp
[0.572s] [35m[1mConsolidate compiler generated dependencies of target static_turtle_tf2_broadcaster[0m
[0.578s] [ 25%] [32mBuilding CXX object CMakeFiles/turtle_tf2_broadcaster.dir/src/turtle_tf2_broadcaster.cpp.o[0m
[0.585s] [ 75%] Built target static_turtle_tf2_broadcaster
[6.998s] [100%] [32m[1mLinking CXX executable turtle_tf2_broadcaster[0m
[7.389s] [100%] Built target turtle_tf2_broadcaster
[7.396s] Invoked command in '/home/ubuntu/ros2_ws/build/learning_tf2_cpp' returned '0': CMAKE_PREFIX_PATH=/opt/ros/humble PS1=PES1UG23CS561:\w$ /usr/bin/cmake --build /home/ubuntu/ros2_ws/build/learning_tf2_cpp -- -j4 -l4
[7.403s] Invoking command in '/home/ubuntu/ros2_ws/build/learning_tf2_cpp': CMAKE_PREFIX_PATH=/opt/ros/humble PS1=PES1UG23CS561:\w$ /usr/bin/cmake --install /home/ubuntu/ros2_ws/build/learning_tf2_cpp
[7.407s] -- Install configuration: ""
[7.407s] -- Up-to-date: /home/ubuntu/ros2_ws/install/learning_tf2_cpp/lib/learning_tf2_cpp/static_turtle_tf2_broadcaster
[7.407s] -- Installing: /home/ubuntu/ros2_ws/install/learning_tf2_cpp/lib/learning_tf2_cpp/turtle_tf2_broadcaster
[7.409s] -- Set runtime path of "/home/ubuntu/ros2_ws/install/learning_tf2_cpp/lib/learning_tf2_cpp/turtle_tf2_broadcaster" to ""
[7.409s] -- Installing: /home/ubuntu/ros2_ws/install/learning_tf2_cpp/share/learning_tf2_cpp/launch
[7.409s] -- Installing: /home/ubuntu/ros2_ws/install/learning_tf2_cpp/share/learning_tf2_cpp/launch/turtle_tf2_demo_launch.xml
[7.410s] -- Installing: /home/ubuntu/ros2_ws/install/learning_tf2_cpp/share/ament_index/resource_index/package_run_dependencies/learning_tf2_cpp
[7.410s] -- Up-to-date: /home/ubuntu/ros2_ws/install/learning_tf2_cpp/share/ament_index/resource_index/parent_prefix_path/learning_tf2_cpp
[7.410s] -- Up-to-date: /home/ubuntu/ros2_ws/install/learning_tf2_cpp/share/learning_tf2_cpp/environment/ament_prefix_path.sh
[7.410s] -- Installing: /home/ubuntu/ros2_ws/install/learning_tf2_cpp/share/learning_tf2_cpp/environment/ament_prefix_path.dsv
[7.410s] -- Up-to-date: /home/ubuntu/ros2_ws/install/learning_tf2_cpp/share/learning_tf2_cpp/environment/path.sh
[7.410s] -- Installing: /home/ubuntu/ros2_ws/install/learning_tf2_cpp/share/learning_tf2_cpp/environment/path.dsv
[7.410s] -- Up-to-date: /home/ubuntu/ros2_ws/install/learning_tf2_cpp/share/learning_tf2_cpp/local_setup.bash
[7.410s] -- Up-to-date: /home/ubuntu/ros2_ws/install/learning_tf2_cpp/share/learning_tf2_cpp/local_setup.sh
[7.410s] -- Up-to-date: /home/ubuntu/ros2_ws/install/learning_tf2_cpp/share/learning_tf2_cpp/local_setup.zsh
[7.410s] -- Installing: /home/ubuntu/ros2_ws/install/learning_tf2_cpp/share/learning_tf2_cpp/local_setup.dsv
[7.410s] -- Installing: /home/ubuntu/ros2_ws/install/learning_tf2_cpp/share/learning_tf2_cpp/package.dsv
[7.410s] -- Up-to-date: /home/ubuntu/ros2_ws/install/learning_tf2_cpp/share/ament_index/resource_index/packages/learning_tf2_cpp
[7.410s] -- Up-to-date: /home/ubuntu/ros2_ws/install/learning_tf2_cpp/share/learning_tf2_cpp/cmake/learning_tf2_cppConfig.cmake
[7.410s] -- Up-to-date: /home/ubuntu/ros2_ws/install/learning_tf2_cpp/share/learning_tf2_cpp/cmake/learning_tf2_cppConfig-version.cmake
[7.410s] -- Installing: /home/ubuntu/ros2_ws/install/learning_tf2_cpp/share/learning_tf2_cpp/package.xml
[7.412s] Invoked command in '/home/ubuntu/ros2_ws/build/learning_tf2_cpp' returned '0': CMAKE_PREFIX_PATH=/opt/ros/humble PS1=PES1UG23CS561:\w$ /usr/bin/cmake --install /home/ubuntu/ros2_ws/build/learning_tf2_cpp
