[0.009s] Invoking command in '/home/ubuntu/ros2_ws/build/learning_tf2_cpp': CMAKE_PREFIX_PATH=/opt/ros/humble PS1=PES1UG23CS561:\w$ /usr/bin/cmake --build /home/ubuntu/ros2_ws/build/learning_tf2_cpp -- -j4 -l4
[0.036s] -- Found ament_cmake: 1.3.13 (/opt/ros/humble/share/ament_cmake/cmake)
[0.159s] -- Found geometry_msgs: 4.9.1 (/opt/ros/humble/share/geometry_msgs/cmake)
[0.180s] -- Found rosidl_generator_c: 3.1.8 (/opt/ros/humble/share/rosidl_generator_c/cmake)
[0.182s] -- Found rosidl_adapter: 3.1.8 (/opt/ros/humble/share/rosidl_adapter/cmake)
[0.187s] -- Found rosidl_generator_cpp: 3.1.8 (/opt/ros/humble/share/rosidl_generator_cpp/cmake)
[0.194s] -- Using all available rosidl_typesupport_c: rosidl_typesupport_fastrtps_c;rosidl_typesupport_introspection_c
[0.203s] -- Using all available rosidl_typesupport_cpp: rosidl_typesupport_fastrtps_cpp;rosidl_typesupport_introspection_cpp
[0.232s] -- Found rclcpp: 16.0.18 (/opt/ros/humble/share/rclcpp/cmake)
[0.260s] -- Found rmw_implementation_cmake: 6.1.2 (/opt/ros/humble/share/rmw_implementation_cmake/cmake)
[0.261s] -- Found rmw_fastrtps_cpp: 6.2.10 (/opt/ros/humble/share/rmw_fastrtps_cpp/cmake)
[0.360s] -- Using RMW implementation 'rmw_fastrtps_cpp' as default
[0.391s] -- Found tf2: 0.25.19 (/opt/ros/humble/share/tf2/cmake)
[0.394s] -- Found tf2_ros: 0.25.19 (/opt/ros/humble/share/tf2_ros/cmake)
[0.463s] -- Found turtlesim: 1.4.3 (/opt/ros/humble/share/turtlesim/cmake)
[0.476s] -- Found ament_lint_auto: 0.12.15 (/opt/ros/humble/share/ament_lint_auto/cmake)
[0.527s] -- Added test 'cppcheck' to perform static code analysis on C / C++ code
[0.528s] -- Configured cppcheck include dirs: 
[0.528s] -- Configured cppcheck exclude dirs and/or files: 
[0.528s] -- Added test 'flake8' to check Python code syntax and style conventions
[0.528s] -- Added test 'lint_cmake' to check CMake code style
[0.528s] -- Added test 'pep257' to check Python code against some of the docstring style conventions in PEP 257
[0.529s] -- Added test 'uncrustify' to check C / C++ code style
[0.529s] -- Configured uncrustify additional arguments: 
[0.529s] -- Added test 'xmllint' to check XML markup files
[0.530s] -- Configuring done
[0.556s] -- Generating done
[0.563s] -- Build files have been written to: /home/ubuntu/ros2_ws/build/learning_tf2_cpp
[0.583s] [35m[1mConsolidate compiler generated dependencies of target turtle_tf2_broadcaster[0m
[0.583s] [35m[1mConsolidate compiler generated dependencies of target static_turtle_tf2_broadcaster[0m
[0.583s] [35m[1mConsolidate compiler generated dependencies of target turtle_tf2_listener[0m
[0.597s] [ 66%] Built target turtle_tf2_broadcaster
[0.597s] [100%] Built target turtle_tf2_listener
[0.597s] [100%] Built target static_turtle_tf2_broadcaster
[0.604s] Invoked command in '/home/ubuntu/ros2_ws/build/learning_tf2_cpp' returned '0': CMAKE_PREFIX_PATH=/opt/ros/humble PS1=PES1UG23CS561:\w$ /usr/bin/cmake --build /home/ubuntu/ros2_ws/build/learning_tf2_cpp -- -j4 -l4
[0.611s] Invoking command in '/home/ubuntu/ros2_ws/build/learning_tf2_cpp': CMAKE_PREFIX_PATH=/opt/ros/humble PS1=PES1UG23CS561:\w$ /usr/bin/cmake --install /home/ubuntu/ros2_ws/build/learning_tf2_cpp
[0.615s] -- Install configuration: ""
[0.615s] -- Up-to-date: /home/ubuntu/ros2_ws/install/learning_tf2_cpp/lib/learning_tf2_cpp/static_turtle_tf2_broadcaster
[0.615s] -- Up-to-date: /home/ubuntu/ros2_ws/install/learning_tf2_cpp/lib/learning_tf2_cpp/turtle_tf2_broadcaster
[0.615s] -- Up-to-date: /home/ubuntu/ros2_ws/install/learning_tf2_cpp/lib/learning_tf2_cpp/turtle_tf2_listener
[0.615s] -- Up-to-date: /home/ubuntu/ros2_ws/install/learning_tf2_cpp/share/learning_tf2_cpp/launch
[0.616s] -- Installing: /home/ubuntu/ros2_ws/install/learning_tf2_cpp/share/learning_tf2_cpp/launch/turtle_tf2_demo_launch.py
[0.616s] -- Up-to-date: /home/ubuntu/ros2_ws/install/learning_tf2_cpp/share/learning_tf2_cpp/launch/turtle_tf2_demo_launch.xml
[0.616s] -- Up-to-date: /home/ubuntu/ros2_ws/install/learning_tf2_cpp/share/ament_index/resource_index/package_run_dependencies/learning_tf2_cpp
[0.616s] -- Up-to-date: /home/ubuntu/ros2_ws/install/learning_tf2_cpp/share/ament_index/resource_index/parent_prefix_path/learning_tf2_cpp
[0.616s] -- Up-to-date: /home/ubuntu/ros2_ws/install/learning_tf2_cpp/share/learning_tf2_cpp/environment/ament_prefix_path.sh
[0.616s] -- Installing: /home/ubuntu/ros2_ws/install/learning_tf2_cpp/share/learning_tf2_cpp/environment/ament_prefix_path.dsv
[0.616s] -- Up-to-date: /home/ubuntu/ros2_ws/install/learning_tf2_cpp/share/learning_tf2_cpp/environment/path.sh
[0.616s] -- Installing: /home/ubuntu/ros2_ws/install/learning_tf2_cpp/share/learning_tf2_cpp/environment/path.dsv
[0.616s] -- Up-to-date: /home/ubuntu/ros2_ws/install/learning_tf2_cpp/share/learning_tf2_cpp/local_setup.bash
[0.616s] -- Up-to-date: /home/ubuntu/ros2_ws/install/learning_tf2_cpp/share/learning_tf2_cpp/local_setup.sh
[0.617s] -- Up-to-date: /home/ubuntu/ros2_ws/install/learning_tf2_cpp/share/learning_tf2_cpp/local_setup.zsh
[0.617s] -- Installing: /home/ubuntu/ros2_ws/install/learning_tf2_cpp/share/learning_tf2_cpp/local_setup.dsv
[0.617s] -- Installing: /home/ubuntu/ros2_ws/install/learning_tf2_cpp/share/learning_tf2_cpp/package.dsv
[0.617s] -- Up-to-date: /home/ubuntu/ros2_ws/install/learning_tf2_cpp/share/ament_index/resource_index/packages/learning_tf2_cpp
[0.617s] -- Up-to-date: /home/ubuntu/ros2_ws/install/learning_tf2_cpp/share/learning_tf2_cpp/cmake/learning_tf2_cppConfig.cmake
[0.617s] -- Up-to-date: /home/ubuntu/ros2_ws/install/learning_tf2_cpp/share/learning_tf2_cpp/cmake/learning_tf2_cppConfig-version.cmake
[0.617s] -- Up-to-date: /home/ubuntu/ros2_ws/install/learning_tf2_cpp/share/learning_tf2_cpp/package.xml
[0.618s] Invoked command in '/home/ubuntu/ros2_ws/build/learning_tf2_cpp' returned '0': CMAKE_PREFIX_PATH=/opt/ros/humble PS1=PES1UG23CS561:\w$ /usr/bin/cmake --install /home/ubuntu/ros2_ws/build/learning_tf2_cpp
