[0.014s] Invoking command in '/home/ubuntu/ros2_ws/build/learning_tf2_cpp': CMAKE_PREFIX_PATH=/opt/ros/humble /usr/bin/cmake /home/ubuntu/ros2_ws/src/learning_tf2_cpp -DAMENT_CMAKE_SYMLINK_INSTALL=1 -DCMAKE_INSTALL_PREFIX=/home/ubuntu/ros2_ws/install/learning_tf2_cpp
[0.058s] -- Found ament_cmake: 1.3.13 (/opt/ros/humble/share/ament_cmake/cmake)
[0.195s] -- Override CMake install command with custom implementation using symlinks instead of copying resources
[0.214s] -- Found geometry_msgs: 4.9.1 (/opt/ros/humble/share/geometry_msgs/cmake)
[0.258s] -- Found rosidl_generator_c: 3.1.8 (/opt/ros/humble/share/rosidl_generator_c/cmake)
[0.261s] -- Found rosidl_adapter: 3.1.8 (/opt/ros/humble/share/rosidl_adapter/cmake)
[0.269s] -- Found rosidl_generator_cpp: 3.1.8 (/opt/ros/humble/share/rosidl_generator_cpp/cmake)
[0.282s] -- Using all available rosidl_typesupport_c: rosidl_typesupport_fastrtps_c;rosidl_typesupport_introspection_c
[0.296s] -- Using all available rosidl_typesupport_cpp: rosidl_typesupport_fastrtps_cpp;rosidl_typesupport_introspection_cpp
[0.332s] -- Found rclcpp: 16.0.18 (/opt/ros/humble/share/rclcpp/cmake)
[0.377s] -- Found rmw_implementation_cmake: 6.1.2 (/opt/ros/humble/share/rmw_implementation_cmake/cmake)
[0.379s] -- Found rmw_fastrtps_cpp: 6.2.10 (/opt/ros/humble/share/rmw_fastrtps_cpp/cmake)
[0.491s] -- Using RMW implementation 'rmw_fastrtps_cpp' as default
[0.534s] -- Found tf2: 0.25.19 (/opt/ros/humble/share/tf2/cmake)
[0.539s] -- Found tf2_ros: 0.25.19 (/opt/ros/humble/share/tf2_ros/cmake)
[0.634s] -- Found turtlesim: 1.4.3 (/opt/ros/humble/share/turtlesim/cmake)
[0.659s] -- Found ament_lint_auto: 0.12.15 (/opt/ros/humble/share/ament_lint_auto/cmake)
[0.713s] -- Added test 'cppcheck' to perform static code analysis on C / C++ code
[0.713s] -- Configured cppcheck include dirs: 
[0.713s] -- Configured cppcheck exclude dirs and/or files: 
[0.714s] -- Added test 'flake8' to check Python code syntax and style conventions
[0.714s] -- Added test 'lint_cmake' to check CMake code style
[0.714s] -- Added test 'pep257' to check Python code against some of the docstring style conventions in PEP 257
[0.715s] -- Added test 'uncrustify' to check C / C++ code style
[0.715s] -- Configured uncrustify additional arguments: 
[0.717s] -- Added test 'xmllint' to check XML markup files
[0.717s] -- Configuring done
[0.738s] -- Generating done
[0.754s] -- Build files have been written to: /home/ubuntu/ros2_ws/build/learning_tf2_cpp
[0.761s] Invoked command in '/home/ubuntu/ros2_ws/build/learning_tf2_cpp' returned '0': CMAKE_PREFIX_PATH=/opt/ros/humble /usr/bin/cmake /home/ubuntu/ros2_ws/src/learning_tf2_cpp -DAMENT_CMAKE_SYMLINK_INSTALL=1 -DCMAKE_INSTALL_PREFIX=/home/ubuntu/ros2_ws/install/learning_tf2_cpp
[0.762s] Invoking command in '/home/ubuntu/ros2_ws/build/learning_tf2_cpp': CMAKE_PREFIX_PATH=/opt/ros/humble /usr/bin/cmake --build /home/ubuntu/ros2_ws/build/learning_tf2_cpp -- -j4 -l4
[0.787s] [35m[1mConsolidate compiler generated dependencies of target static_turtle_tf2_broadcaster[0m
[0.787s] [35m[1mConsolidate compiler generated dependencies of target turtle_tf2_broadcaster[0m
[0.788s] [35m[1mConsolidate compiler generated dependencies of target turtle_tf2_listener[0m
[0.835s] [ 16%] [32m[1mLinking CXX executable static_turtle_tf2_broadcaster[0m
[0.836s] [ 33%] [32m[1mLinking CXX executable turtle_tf2_broadcaster[0m
[0.839s] [ 50%] [32mBuilding CXX object CMakeFiles/turtle_tf2_listener.dir/src/turtle_tf2_listener.cpp.o[0m
[1.100s] [ 66%] Built target static_turtle_tf2_broadcaster
[1.283s] [ 83%] Built target turtle_tf2_broadcaster
[5.654s] [100%] [32m[1mLinking CXX executable turtle_tf2_listener[0m
[5.866s] [100%] Built target turtle_tf2_listener
[5.873s] Invoked command in '/home/ubuntu/ros2_ws/build/learning_tf2_cpp' returned '0': CMAKE_PREFIX_PATH=/opt/ros/humble /usr/bin/cmake --build /home/ubuntu/ros2_ws/build/learning_tf2_cpp -- -j4 -l4
[5.874s] Invoking command in '/home/ubuntu/ros2_ws/build/learning_tf2_cpp': CMAKE_PREFIX_PATH=/opt/ros/humble /usr/bin/cmake --install /home/ubuntu/ros2_ws/build/learning_tf2_cpp
[5.878s] -- Install configuration: ""
[5.879s] -- Execute custom install script
[5.879s] -- Symlinking: /home/ubuntu/ros2_ws/install/learning_tf2_cpp/lib/learning_tf2_cpp/static_turtle_tf2_broadcaster
[5.884s] -- Symlinking: /home/ubuntu/ros2_ws/install/learning_tf2_cpp/lib/learning_tf2_cpp/turtle_tf2_broadcaster
[5.897s] -- Symlinking: /home/ubuntu/ros2_ws/install/learning_tf2_cpp/lib/learning_tf2_cpp/turtle_tf2_listener
[5.904s] -- Symlinking: /home/ubuntu/ros2_ws/install/learning_tf2_cpp/share/learning_tf2_cpp/launch/turtle_tf2_demo_launch.py
[5.909s] -- Symlinking: /home/ubuntu/ros2_ws/install/learning_tf2_cpp/share/learning_tf2_cpp/launch/turtle_tf2_demo_launch.xml
[5.914s] -- Symlinking: /home/ubuntu/ros2_ws/install/learning_tf2_cpp/share/ament_index/resource_index/package_run_dependencies/learning_tf2_cpp
[5.919s] -- Symlinking: /home/ubuntu/ros2_ws/install/learning_tf2_cpp/share/ament_index/resource_index/parent_prefix_path/learning_tf2_cpp
[5.923s] -- Symlinking: /home/ubuntu/ros2_ws/install/learning_tf2_cpp/share/learning_tf2_cpp/environment/ament_prefix_path.sh
[5.928s] -- Symlinking: /home/ubuntu/ros2_ws/install/learning_tf2_cpp/share/learning_tf2_cpp/environment/ament_prefix_path.dsv
[5.932s] -- Symlinking: /home/ubuntu/ros2_ws/install/learning_tf2_cpp/share/learning_tf2_cpp/environment/path.sh
[5.937s] -- Symlinking: /home/ubuntu/ros2_ws/install/learning_tf2_cpp/share/learning_tf2_cpp/environment/path.dsv
[5.941s] -- Symlinking: /home/ubuntu/ros2_ws/install/learning_tf2_cpp/share/learning_tf2_cpp/local_setup.bash
[5.946s] -- Symlinking: /home/ubuntu/ros2_ws/install/learning_tf2_cpp/share/learning_tf2_cpp/local_setup.sh
[5.951s] -- Symlinking: /home/ubuntu/ros2_ws/install/learning_tf2_cpp/share/learning_tf2_cpp/local_setup.zsh
[5.955s] -- Symlinking: /home/ubuntu/ros2_ws/install/learning_tf2_cpp/share/learning_tf2_cpp/local_setup.dsv
[5.960s] -- Symlinking: /home/ubuntu/ros2_ws/install/learning_tf2_cpp/share/learning_tf2_cpp/package.dsv
[5.965s] -- Symlinking: /home/ubuntu/ros2_ws/install/learning_tf2_cpp/share/ament_index/resource_index/packages/learning_tf2_cpp
[5.970s] -- Symlinking: /home/ubuntu/ros2_ws/install/learning_tf2_cpp/share/learning_tf2_cpp/cmake/learning_tf2_cppConfig.cmake
[5.974s] -- Symlinking: /home/ubuntu/ros2_ws/install/learning_tf2_cpp/share/learning_tf2_cpp/cmake/learning_tf2_cppConfig-version.cmake
[5.978s] -- Symlinking: /home/ubuntu/ros2_ws/install/learning_tf2_cpp/share/learning_tf2_cpp/package.xml
[5.985s] Invoked command in '/home/ubuntu/ros2_ws/build/learning_tf2_cpp' returned '0': CMAKE_PREFIX_PATH=/opt/ros/humble /usr/bin/cmake --install /home/ubuntu/ros2_ws/build/learning_tf2_cpp
