[0.008s] Invoking command in '/home/ubuntu/ros2_ws/build/learning_tf2_cpp': CMAKE_PREFIX_PATH=/opt/ros/humble PS1=PES1UG23CS561:\w$ /usr/bin/cmake --build /home/ubuntu/ros2_ws/build/learning_tf2_cpp -- -j4 -l4
[0.038s] -- Found ament_cmake: 1.3.13 (/opt/ros/humble/share/ament_cmake/cmake)
[0.156s] -- Found geometry_msgs: 4.9.1 (/opt/ros/humble/share/geometry_msgs/cmake)
[0.178s] -- Found rosidl_generator_c: 3.1.8 (/opt/ros/humble/share/rosidl_generator_c/cmake)
[0.180s] -- Found rosidl_adapter: 3.1.8 (/opt/ros/humble/share/rosidl_adapter/cmake)
[0.184s] -- Found rosidl_generator_cpp: 3.1.8 (/opt/ros/humble/share/rosidl_generator_cpp/cmake)
[0.192s] -- Using all available rosidl_typesupport_c: rosidl_typesupport_fastrtps_c;rosidl_typesupport_introspection_c
[0.201s] -- Using all available rosidl_typesupport_cpp: rosidl_typesupport_fastrtps_cpp;rosidl_typesupport_introspection_cpp
[0.236s] -- Found rclcpp: 16.0.18 (/opt/ros/humble/share/rclcpp/cmake)
[0.262s] -- Found rmw_implementation_cmake: 6.1.2 (/opt/ros/humble/share/rmw_implementation_cmake/cmake)
[0.262s] -- Found rmw_fastrtps_cpp: 6.2.10 (/opt/ros/humble/share/rmw_fastrtps_cpp/cmake)
[0.358s] -- Using RMW implementation 'rmw_fastrtps_cpp' as default
[0.389s] -- Found tf2: 0.25.19 (/opt/ros/humble/share/tf2/cmake)
[0.392s] -- Found tf2_ros: 0.25.19 (/opt/ros/humble/share/tf2_ros/cmake)
[0.461s] -- Found turtlesim: 1.4.3 (/opt/ros/humble/share/turtlesim/cmake)
[0.474s] -- Found ament_lint_auto: 0.12.15 (/opt/ros/humble/share/ament_lint_auto/cmake)
[0.526s] -- Added test 'cppcheck' to perform static code analysis on C / C++ code
[0.526s] -- Configured cppcheck include dirs: 
[0.526s] -- Configured cppcheck exclude dirs and/or files: 
[0.526s] -- Added test 'lint_cmake' to check CMake code style
[0.527s] -- Added test 'uncrustify' to check C / C++ code style
[0.527s] -- Configured uncrustify additional arguments: 
[0.527s] -- Added test 'xmllint' to check XML markup files
[0.528s] -- Configuring done
[0.551s] -- Generating done
[0.558s] -- Build files have been written to: /home/ubuntu/ros2_ws/build/learning_tf2_cpp
[0.577s] [35m[1mConsolidate compiler generated dependencies of target static_turtle_tf2_broadcaster[0m
[0.577s] [35m[1mConsolidate compiler generated dependencies of target turtle_tf2_broadcaster[0m
[0.584s] [ 16%] [32mBuilding CXX object CMakeFiles/turtle_tf2_listener.dir/src/turtle_tf2_listener.cpp.o[0m
[0.589s] [ 50%] Built target turtle_tf2_broadcaster
[0.590s] [ 83%] Built target static_turtle_tf2_broadcaster
[4.639s] [100%] [32m[1mLinking CXX executable turtle_tf2_listener[0m
[4.850s] [100%] Built target turtle_tf2_listener
[4.858s] Invoked command in '/home/ubuntu/ros2_ws/build/learning_tf2_cpp' returned '0': CMAKE_PREFIX_PATH=/opt/ros/humble PS1=PES1UG23CS561:\w$ /usr/bin/cmake --build /home/ubuntu/ros2_ws/build/learning_tf2_cpp -- -j4 -l4
[4.871s] Invoking command in '/home/ubuntu/ros2_ws/build/learning_tf2_cpp': CMAKE_PREFIX_PATH=/opt/ros/humble PS1=PES1UG23CS561:\w$ /usr/bin/cmake --install /home/ubuntu/ros2_ws/build/learning_tf2_cpp
[4.876s] -- Install configuration: ""
[4.876s] -- Up-to-date: /home/ubuntu/ros2_ws/install/learning_tf2_cpp/lib/learning_tf2_cpp/static_turtle_tf2_broadcaster
[4.876s] -- Up-to-date: /home/ubuntu/ros2_ws/install/learning_tf2_cpp/lib/learning_tf2_cpp/turtle_tf2_broadcaster
[4.877s] -- Installing: /home/ubuntu/ros2_ws/install/learning_tf2_cpp/lib/learning_tf2_cpp/turtle_tf2_listener
[4.878s] -- Set runtime path of "/home/ubuntu/ros2_ws/install/learning_tf2_cpp/lib/learning_tf2_cpp/turtle_tf2_listener" to ""
[4.878s] -- Up-to-date: /home/ubuntu/ros2_ws/install/learning_tf2_cpp/share/learning_tf2_cpp/launch
[4.878s] -- Installing: /home/ubuntu/ros2_ws/install/learning_tf2_cpp/share/learning_tf2_cpp/launch/turtle_tf2_demo_launch.xml
[4.878s] -- Up-to-date: /home/ubuntu/ros2_ws/install/learning_tf2_cpp/share/ament_index/resource_index/package_run_dependencies/learning_tf2_cpp
[4.878s] -- Up-to-date: /home/ubuntu/ros2_ws/install/learning_tf2_cpp/share/ament_index/resource_index/parent_prefix_path/learning_tf2_cpp
[4.878s] -- Up-to-date: /home/ubuntu/ros2_ws/install/learning_tf2_cpp/share/learning_tf2_cpp/environment/ament_prefix_path.sh
[4.878s] -- Installing: /home/ubuntu/ros2_ws/install/learning_tf2_cpp/share/learning_tf2_cpp/environment/ament_prefix_path.dsv
[4.878s] -- Up-to-date: /home/ubuntu/ros2_ws/install/learning_tf2_cpp/share/learning_tf2_cpp/environment/path.sh
[4.878s] -- Installing: /home/ubuntu/ros2_ws/install/learning_tf2_cpp/share/learning_tf2_cpp/environment/path.dsv
[4.878s] -- Up-to-date: /home/ubuntu/ros2_ws/install/learning_tf2_cpp/share/learning_tf2_cpp/local_setup.bash
[4.879s] -- Up-to-date: /home/ubuntu/ros2_ws/install/learning_tf2_cpp/share/learning_tf2_cpp/local_setup.sh
[4.879s] -- Up-to-date: /home/ubuntu/ros2_ws/install/learning_tf2_cpp/share/learning_tf2_cpp/local_setup.zsh
[4.879s] -- Installing: /home/ubuntu/ros2_ws/install/learning_tf2_cpp/share/learning_tf2_cpp/local_setup.dsv
[4.879s] -- Installing: /home/ubuntu/ros2_ws/install/learning_tf2_cpp/share/learning_tf2_cpp/package.dsv
[4.879s] -- Up-to-date: /home/ubuntu/ros2_ws/install/learning_tf2_cpp/share/ament_index/resource_index/packages/learning_tf2_cpp
[4.879s] -- Up-to-date: /home/ubuntu/ros2_ws/install/learning_tf2_cpp/share/learning_tf2_cpp/cmake/learning_tf2_cppConfig.cmake
[4.879s] -- Up-to-date: /home/ubuntu/ros2_ws/install/learning_tf2_cpp/share/learning_tf2_cpp/cmake/learning_tf2_cppConfig-version.cmake
[4.879s] -- Up-to-date: /home/ubuntu/ros2_ws/install/learning_tf2_cpp/share/learning_tf2_cpp/package.xml
[4.880s] Invoked command in '/home/ubuntu/ros2_ws/build/learning_tf2_cpp' returned '0': CMAKE_PREFIX_PATH=/opt/ros/humble PS1=PES1UG23CS561:\w$ /usr/bin/cmake --install /home/ubuntu/ros2_ws/build/learning_tf2_cpp
